# JRE version: OpenJDK Runtime Environment GraalVM CE 22.3.0 (17.0.5+8) (build 17.0.5+8-jvmci-22.3-b08)
# Java VM: OpenJDK 64-Bit Server VM GraalVM CE 22.3.0 (17.0.5+8-jvmci-22.3-b08, mixed mode, sharing, tiered, jvmci, jvmci compiler, compressed oops, compressed class ptrs, parallel gc, linux-amd64)
GC Precious Log:
 CPUs: 16 total, 2 available
 Memory: 3215M
 Large Page Support: Disabled
 NUMA Support: Disabled
 Compressed Oops: Enabled (32-bit)
 Alignments: Space 512K, Generation 512K, Heap 2M
 Heap Min Capacity: 100M
 Heap Initial Capacity: 100M
 Heap Max Capacity: 512M
 Pre-touch: Disabled
 Parallel Workers: 2
Heap:
 PSYoungGen      total 45568K, used 30207K [0x00000000f5580000, 0x00000000fb500000, 0x0000000100000000)
  eden space 30208K, 99% used [0x00000000f5580000,0x00000000f72ffff0,0x00000000f7300000)
  from space 15360K, 0% used [0x00000000f9380000,0x00000000f9380000,0x00000000fa280000)
  to   space 33280K, 0% used [0x00000000f7300000,0x00000000f7300000,0x00000000f9380000)
 ParOldGen       total 349696K, used 349695K [0x00000000e0000000, 0x00000000f5580000, 0x00000000f5580000)
  object space 349696K, 99% used [0x00000000e0000000,0x00000000f557fd10,0x00000000f5580000)
 Metaspace       used 60719K, committed 61888K, reserved 1105920K
  class space    used 6042K, committed 6464K, reserved 1048576K
GC Heap History (20 events):
Event: 37.809 GC heap before
{Heap before GC invocations=138 (full 74):
 PSYoungGen      total 45568K, used 30207K [0x00000000f5580000, 0x00000000fb500000, 0x0000000100000000)
  eden space 30208K, 99% used [0x00000000f5580000,0x00000000f72ffff8,0x00000000f7300000)
  from space 15360K, 0% used [0x00000000f9380000,0x00000000f9380000,0x00000000fa280000)
  to   space 33280K, 0% used [0x00000000f7300000,0x00000000f7300000,0x00000000f9380000)
 ParOldGen       total 349696K, used 349687K [0x00000000e0000000, 0x00000000f5580000, 0x00000000f5580000)
  object space 349696K, 99% used [0x00000000e0000000,0x00000000f557df18,0x00000000f5580000)
 Metaspace       used 60719K, committed 61888K, reserved 1105920K
  class space    used 6042K, committed 6464K, reserved 1048576K
}
Event: 38.133 GC heap after
{Heap after GC invocations=138 (full 74):
 PSYoungGen      total 63488K, used 30207K [0x00000000f5580000, 0x00000000fb500000, 0x0000000100000000)
  eden space 30208K, 99% used [0x00000000f5580000,0x00000000f72ffff8,0x00000000f7300000)
  from space 33280K, 0% used [0x00000000f7300000,0x00000000f7300000,0x00000000f9380000)
  to   space 15360K, 0% used [0x00000000f9380000,0x00000000f9380000,0x00000000fa280000)
 ParOldGen       total 349696K, used 349687K [0x00000000e0000000, 0x00000000f5580000, 0x00000000f5580000)
  object space 349696K, 99% used [0x00000000e0000000,0x00000000f557df18,0x00000000f5580000)
 Metaspace       used 60719K, committed 61888K, reserved 1105920K
  class space    used 6042K, committed 6464K, reserved 1048576K
}
Event: 38.133 GC heap before
{Heap before GC invocations=139 (full 75):
 PSYoungGen      total 63488K, used 30207K [0x00000000f5580000, 0x00000000fb500000, 0x0000000100000000)
  eden space 30208K, 99% used [0x00000000f5580000,0x00000000f72ffff8,0x00000000f7300000)
  from space 33280K, 0% used [0x00000000f7300000,0x00000000f7300000,0x00000000f9380000)
  to   space 15360K, 0% used [0x00000000f9380000,0x00000000f9380000,0x00000000fa280000)
 ParOldGen       total 349696K, used 349689K [0x00000000e0000000, 0x00000000f5580000, 0x00000000f5580000)
  object space 349696K, 99% used [0x00000000e0000000,0x00000000f557e580,0x00000000f5580000)
 Metaspace       used 60719K, committed 61888K, reserved 1105920K
  class space    used 6042K, committed 6464K, reserved 1048576K
}
Event: 38.421 GC heap after
{Heap after GC invocations=139 (full 75):
 PSYoungGen      total 45568K, used 30207K [0x00000000f5580000, 0x00000000fb500000, 0x0000000100000000)
  eden space 30208K, 99% used [0x00000000f5580000,0x00000000f72ffff8,0x00000000f7300000)
  from space 15360K, 0% used [0x00000000f9380000,0x00000000f9380000,0x00000000fa280000)
  to   space 33280K, 0% used [0x00000000f7300000,0x00000000f7300000,0x00000000f9380000)
 ParOldGen       total 349696K, used 349688K [0x00000000e0000000, 0x00000000f5580000, 0x00000000f5580000)
  object space 349696K, 99% used [0x00000000e0000000,0x00000000f557e248,0x00000000f5580000)
 Metaspace       used 60719K, committed 61888K, reserved 1105920K
  class space    used 6042K, committed 6464K, reserved 1048576K
}
Event: 38.422 GC heap before
{Heap before GC invocations=140 (full 76):
 PSYoungGen      total 45568K, used 30207K [0x00000000f5580000, 0x00000000fb500000, 0x0000000100000000)
  eden space 30208K, 99% used [0x00000000f5580000,0x00000000f72ffff8,0x00000000f7300000)
  from space 15360K, 0% used [0x00000000f9380000,0x00000000f9380000,0x00000000fa280000)
  to   space 33280K, 0% used [0x00000000f7300000,0x00000000f7300000,0x00000000f9380000)
 ParOldGen       total 349696K, used 349693K [0x00000000e0000000, 0x00000000f5580000, 0x00000000f5580000)
  object space 349696K, 99% used [0x00000000e0000000,0x00000000f557f7e0,0x00000000f5580000)
 Metaspace       used 60719K, committed 61888K, reserved 1105920K
  class space    used 6042K, committed 6464K, reserved 1048576K
}
Event: 38.734 GC heap after
{Heap after GC invocations=140 (full 76):
 PSYoungGen      total 63488K, used 30207K [0x00000000f5580000, 0x00000000fb500000, 0x0000000100000000)
  eden space 30208K, 99% used [0x00000000f5580000,0x00000000f72fff30,0x00000000f7300000)
  from space 33280K, 0% used [0x00000000f7300000,0x00000000f7300000,0x00000000f9380000)
  to   space 15360K, 0% used [0x00000000f9380000,0x00000000f9380000,0x00000000fa280000)
 ParOldGen       total 349696K, used 349692K [0x00000000e0000000, 0x00000000f5580000, 0x00000000f5580000)
  object space 349696K, 99% used [0x00000000e0000000,0x00000000f557f308,0x00000000f5580000)
 Metaspace       used 60719K, committed 61888K, reserved 1105920K
  class space    used 6042K, committed 6464K, reserved 1048576K
}
Event: 38.735 GC heap before
{Heap before GC invocations=141 (full 77):
 PSYoungGen      total 63488K, used 30208K [0x00000000f5580000, 0x00000000fb500000, 0x0000000100000000)
  eden space 30208K, 100% used [0x00000000f5580000,0x00000000f7300000,0x00000000f7300000)
  from space 33280K, 0% used [0x00000000f7300000,0x00000000f7300000,0x00000000f9380000)
  to   space 15360K, 0% used [0x00000000f9380000,0x00000000f9380000,0x00000000fa280000)
 ParOldGen       total 349696K, used 349692K [0x00000000e0000000, 0x00000000f5580000, 0x00000000f5580000)
  object space 349696K, 99% used [0x00000000e0000000,0x00000000f557f308,0x00000000f5580000)
 Metaspace       used 60719K, committed 61888K, reserved 1105920K
  class space    used 6042K, committed 6464K, reserved 1048576K
}
Event: 39.045 GC heap after
{Heap after GC invocations=141 (full 77):
 PSYoungGen      total 45568K, used 30208K [0x00000000f5580000, 0x00000000fb500000, 0x0000000100000000)
  eden space 30208K, 100% used [0x00000000f5580000,0x00000000f7300000,0x00000000f7300000)
  from space 15360K, 0% used [0x00000000f9380000,0x00000000f9380000,0x00000000fa280000)
  to   space 33280K, 0% used [0x00000000f7300000,0x00000000f7300000,0x00000000f9380000)
 ParOldGen       total 349696K, used 349692K [0x00000000e0000000, 0x00000000f5580000, 0x00000000f5580000)
  object space 349696K, 99% used [0x00000000e0000000,0x00000000f557f2f0,0x00000000f5580000)
 Metaspace       used 60719K, committed 61888K, reserved 1105920K
  class space    used 6042K, committed 6464K, reserved 1048576K
}
Event: 39.046 GC heap before
{Heap before GC invocations=142 (full 78):
 PSYoungGen      total 45568K, used 30208K [0x00000000f5580000, 0x00000000fb500000, 0x0000000100000000)
  eden space 30208K, 100% used [0x00000000f5580000,0x00000000f7300000,0x00000000f7300000)
  from space 15360K, 0% used [0x00000000f9380000,0x00000000f9380000,0x00000000fa280000)
  to   space 33280K, 0% used [0x00000000f7300000,0x00000000f7300000,0x00000000f9380000)
 ParOldGen       total 349696K, used 349695K [0x00000000e0000000, 0x00000000f5580000, 0x00000000f5580000)
  object space 349696K, 99% used [0x00000000e0000000,0x00000000f557fe48,0x00000000f5580000)
 Metaspace       used 60719K, committed 61888K, reserved 1105920K
  class space    used 6042K, committed 6464K, reserved 1048576K
}
Event: 39.372 GC heap after
{Heap after GC invocations=142 (full 78):
 PSYoungGen      total 63488K, used 30207K [0x00000000f5580000, 0x00000000fb500000, 0x0000000100000000)
  eden space 30208K, 99% used [0x00000000f5580000,0x00000000f72fff68,0x00000000f7300000)
  from space 33280K, 0% used [0x00000000f7300000,0x00000000f7300000,0x00000000f9380000)
  to   space 15360K, 0% used [0x00000000f9380000,0x00000000f9380000,0x00000000fa280000)
 ParOldGen       total 349696K, used 349693K [0x00000000e0000000, 0x00000000f5580000, 0x00000000f5580000)
  object space 349696K, 99% used [0x00000000e0000000,0x00000000f557f560,0x00000000f5580000)
 Metaspace       used 60719K, committed 61888K, reserved 1105920K
  class space    used 6042K, committed 6464K, reserved 1048576K
}
Event: 39.373 GC heap before
{Heap before GC invocations=143 (full 79):
 PSYoungGen      total 63488K, used 30207K [0x00000000f5580000, 0x00000000fb500000, 0x0000000100000000)
  eden space 30208K, 99% used [0x00000000f5580000,0x00000000f72fffe0,0x00000000f7300000)
  from space 33280K, 0% used [0x00000000f7300000,0x00000000f7300000,0x00000000f9380000)
  to   space 15360K, 0% used [0x00000000f9380000,0x00000000f9380000,0x00000000fa280000)
 ParOldGen       total 349696K, used 349693K [0x00000000e0000000, 0x00000000f5580000, 0x00000000f5580000)
  object space 349696K, 99% used [0x00000000e0000000,0x00000000f557f560,0x00000000f5580000)
 Metaspace       used 60719K, committed 61888K, reserved 1105920K
  class space    used 6042K, committed 6464K, reserved 1048576K
}
Event: 39.750 GC heap after
{Heap after GC invocations=143 (full 79):
 PSYoungGen      total 45568K, used 30207K [0x00000000f5580000, 0x00000000fb500000, 0x0000000100000000)
  eden space 30208K, 99% used [0x00000000f5580000,0x00000000f72fff90,0x00000000f7300000)
  from space 15360K, 0% used [0x00000000f9380000,0x00000000f9380000,0x00000000fa280000)
  to   space 33280K, 0% used [0x00000000f7300000,0x00000000f7300000,0x00000000f9380000)
 ParOldGen       total 349696K, used 349693K [0x00000000e0000000, 0x00000000f5580000, 0x00000000f5580000)
  object space 349696K, 99% used [0x00000000e0000000,0x00000000f557f560,0x00000000f5580000)
 Metaspace       used 60719K, committed 61888K, reserved 1105920K
  class space    used 6042K, committed 6464K, reserved 1048576K
}
Event: 39.750 GC heap before
{Heap before GC invocations=144 (full 80):
 PSYoungGen      total 45568K, used 30208K [0x00000000f5580000, 0x00000000fb500000, 0x0000000100000000)
  eden space 30208K, 100% used [0x00000000f5580000,0x00000000f7300000,0x00000000f7300000)
  from space 15360K, 0% used [0x00000000f9380000,0x00000000f9380000,0x00000000fa280000)
  to   space 33280K, 0% used [0x00000000f7300000,0x00000000f7300000,0x00000000f9380000)
 ParOldGen       total 349696K, used 349693K [0x00000000e0000000, 0x00000000f5580000, 0x00000000f5580000)
  object space 349696K, 99% used [0x00000000e0000000,0x00000000f557f560,0x00000000f5580000)
 Metaspace       used 60719K, committed 61888K, reserved 1105920K
  class space    used 6042K, committed 6464K, reserved 1048576K
}
Event: 40.148 GC heap after
{Heap after GC invocations=144 (full 80):
 PSYoungGen      total 63488K, used 30207K [0x00000000f5580000, 0x00000000fb500000, 0x0000000100000000)
  eden space 30208K, 99% used [0x00000000f5580000,0x00000000f72fff98,0x00000000f7300000)
  from space 33280K, 0% used [0x00000000f7300000,0x00000000f7300000,0x00000000f9380000)
  to   space 15360K, 0% used [0x00000000f9380000,0x00000000f9380000,0x00000000fa280000)
 ParOldGen       total 349696K, used 349693K [0x00000000e0000000, 0x00000000f5580000, 0x00000000f5580000)
  object space 349696K, 99% used [0x00000000e0000000,0x00000000f557f560,0x00000000f5580000)
 Metaspace       used 60719K, committed 61888K, reserved 1105920K
  class space    used 6042K, committed 6464K, reserved 1048576K
}
Event: 40.149 GC heap before
{Heap before GC invocations=145 (full 81):
 PSYoungGen      total 63488K, used 30208K [0x00000000f5580000, 0x00000000fb500000, 0x0000000100000000)
  eden space 30208K, 100% used [0x00000000f5580000,0x00000000f7300000,0x00000000f7300000)
  from space 33280K, 0% used [0x00000000f7300000,0x00000000f7300000,0x00000000f9380000)
  to   space 15360K, 0% used [0x00000000f9380000,0x00000000f9380000,0x00000000fa280000)
 ParOldGen       total 349696K, used 349693K [0x00000000e0000000, 0x00000000f5580000, 0x00000000f5580000)
  object space 349696K, 99% used [0x00000000e0000000,0x00000000f557f560,0x00000000f5580000)
 Metaspace       used 60719K, committed 61888K, reserved 1105920K
  class space    used 6042K, committed 6464K, reserved 1048576K
}
Event: 40.493 GC heap after
{Heap after GC invocations=145 (full 81):
 PSYoungGen      total 45568K, used 30208K [0x00000000f5580000, 0x00000000fb500000, 0x0000000100000000)
  eden space 30208K, 100% used [0x00000000f5580000,0x00000000f7300000,0x00000000f7300000)
  from space 15360K, 0% used [0x00000000f9380000,0x00000000f9380000,0x00000000fa280000)
  to   space 33280K, 0% used [0x00000000f7300000,0x00000000f7300000,0x00000000f9380000)
 ParOldGen       total 349696K, used 349693K [0x00000000e0000000, 0x00000000f5580000, 0x00000000f5580000)
  object space 349696K, 99% used [0x00000000e0000000,0x00000000f557f560,0x00000000f5580000)
 Metaspace       used 60719K, committed 61888K, reserved 1105920K
  class space    used 6042K, committed 6464K, reserved 1048576K
}
Event: 40.494 GC heap before
{Heap before GC invocations=146 (full 82):
 PSYoungGen      total 45568K, used 30208K [0x00000000f5580000, 0x00000000fb500000, 0x0000000100000000)
  eden space 30208K, 100% used [0x00000000f5580000,0x00000000f7300000,0x00000000f7300000)
  from space 15360K, 0% used [0x00000000f9380000,0x00000000f9380000,0x00000000fa280000)
  to   space 33280K, 0% used [0x00000000f7300000,0x00000000f7300000,0x00000000f9380000)
 ParOldGen       total 349696K, used 349695K [0x00000000e0000000, 0x00000000f5580000, 0x00000000f5580000)
  object space 349696K, 99% used [0x00000000e0000000,0x00000000f557fec0,0x00000000f5580000)
 Metaspace       used 60719K, committed 61888K, reserved 1105920K
  class space    used 6042K, committed 6464K, reserved 1048576K
}
Event: 40.841 GC heap after
{Heap after GC invocations=146 (full 82):
 PSYoungGen      total 63488K, used 30207K [0x00000000f5580000, 0x00000000fb500000, 0x0000000100000000)
  eden space 30208K, 99% used [0x00000000f5580000,0x00000000f72ffff0,0x00000000f7300000)
  from space 33280K, 0% used [0x00000000f7300000,0x00000000f7300000,0x00000000f9380000)
  to   space 15360K, 0% used [0x00000000f9380000,0x00000000f9380000,0x00000000fa280000)
 ParOldGen       total 349696K, used 349694K [0x00000000e0000000, 0x00000000f5580000, 0x00000000f5580000)
  object space 349696K, 99% used [0x00000000e0000000,0x00000000f557f8f0,0x00000000f5580000)
 Metaspace       used 60719K, committed 61888K, reserved 1105920K
  class space    used 6042K, committed 6464K, reserved 1048576K
}
Event: 40.841 GC heap before
{Heap before GC invocations=147 (full 83):
 PSYoungGen      total 63488K, used 30207K [0x00000000f5580000, 0x00000000fb500000, 0x0000000100000000)
  eden space 30208K, 99% used [0x00000000f5580000,0x00000000f72ffff0,0x00000000f7300000)
  from space 33280K, 0% used [0x00000000f7300000,0x00000000f7300000,0x00000000f9380000)
  to   space 15360K, 0% used [0x00000000f9380000,0x00000000f9380000,0x00000000fa280000)
 ParOldGen       total 349696K, used 349694K [0x00000000e0000000, 0x00000000f5580000, 0x00000000f5580000)
  object space 349696K, 99% used [0x00000000e0000000,0x00000000f557f8f0,0x00000000f5580000)
 Metaspace       used 60719K, committed 61888K, reserved 1105920K
  class space    used 6042K, committed 6464K, reserved 1048576K
}
Event: 41.154 GC heap after
{Heap after GC invocations=147 (full 83):
 PSYoungGen      total 45568K, used 30207K [0x00000000f5580000, 0x00000000fb500000, 0x0000000100000000)
  eden space 30208K, 99% used [0x00000000f5580000,0x00000000f72ffff0,0x00000000f7300000)
  from space 15360K, 0% used [0x00000000f9380000,0x00000000f9380000,0x00000000fa280000)
  to   space 33280K, 0% used [0x00000000f7300000,0x00000000f7300000,0x00000000f9380000)
 ParOldGen       total 349696K, used 349694K [0x00000000e0000000, 0x00000000f5580000, 0x00000000f5580000)
  object space 349696K, 99% used [0x00000000e0000000,0x00000000f557f8f0,0x00000000f5580000)
 Metaspace       used 60719K, committed 61888K, reserved 1105920K
  class space    used 6042K, committed 6464K, reserved 1048576K
}

